2022-07-21 00:05:01 [EROR] [D:/works/ipenn/loante/service/model/admin.go:61] &{{} 0     0 0     0 0 0 0 0 <nil> <nil> <nil> <nil> <nil>} err=sql: no rows in result set
2022-07-21 00:05:59 [EROR] [D:/works/ipenn/loante/service/model/admin.go:61] &{{} 0     0 0     0 0 0 0 0 <nil> <nil> <nil> <nil> <nil>} err=sql: no rows in result set
2022-07-21 00:15:22 [EROR] [D:/works/ipenn/loante/service/model/admin.go:61] &{{} 0     0 0     0 0 0 0 0 <nil> <nil> <nil> <nil> <nil>} err=sql: no rows in result set
2022-07-21 00:15:25 [EROR] [D:/works/ipenn/loante/service/model/admin.go:61] &{{} 0     0 0     0 0 0 0 0 <nil> <nil> <nil> <nil> <nil>} err=sql: no rows in result set
2022-07-21 00:24:22 [EROR] [D:/works/ipenn/loante/service/model/admin.go:61] &{{} 0     0 0     0 0 0 0 0 <nil> <nil> <nil> <nil> <nil>} err=sql: no rows in result set
2022-07-21 00:24:26 [EROR] [D:/works/ipenn/loante/service/model/admin.go:61] &{{} 0     0 0     0 0 0 0 0 <nil> <nil> <nil> <nil> <nil>} err=sql: no rows in result set
2022-07-21 00:25:43 [EROR] [D:/works/ipenn/loante/service/model/admin.go:61] &{{} 0     0 0     0 0 0 0 0 <nil> <nil> <nil> <nil> <nil>} err=sql: no rows in result set
2022-07-21 01:18:17 [EROR] [D:/works/ipenn/loante/service/model/admin.go:61] &{{} 0     0 0     0 0 0 0 0 <nil> <nil> <nil> <nil> <nil>} err=sql: no rows in result set
2022-07-21 01:19:53 [EROR] [D:/works/ipenn/loante/service/model/admin.go:61] &{{} 0     0 0     0 0 0 0 0 <nil> <nil> <nil> <nil> <nil>} err=sql: no rows in result set
2022-07-21 01:20:15 [EROR] [D:/works/ipenn/loante/service/model/admin.go:61] &{{} 0     0 0     0 0 0 0 0 <nil> <nil> <nil> <nil> <nil>} err=sql: no rows in result set
2022-07-21 01:23:04 [EROR] [D:/works/ipenn/loante/service/model/admin.go:61] &{{} 0     0 0     0 0 0 0 0 <nil> <nil> <nil> <nil> <nil>} err=sql: no rows in result set
2022-07-21 01:23:37 [EROR] [D:/works/ipenn/loante/service/model/admin.go:61] &{{} 0     0 0     0 0 0 0 0 <nil> <nil> <nil> <nil> <nil>} err=sql: no rows in result set
2022-07-21 01:30:35 [EROR] [D:/works/ipenn/loante/service/model/admin.go:61] &{{} 0     0 0     0 0 0 0 0 <nil> <nil> <nil> <nil> <nil>} err=sql: no rows in result set
2022-07-21 01:33:00 [EROR] [D:/works/ipenn/loante/service/model/admin.go:61] &{{} 0     0 0     0 0 0 0 0 <nil> <nil> <nil> <nil> <nil>} err=sql: no rows in result set
2022-07-21 02:13:33 [EROR] [D:/works/ipenn/loante/service/model/admin.go:61] &{{} 0     0 0     0 0 0 0 0 <nil> <nil> <nil> <nil> <nil>} err=sql: no rows in result set
2022-07-21 15:45:33 [EROR] [D:/works/ipenn/loante/service/model/product_payment_default.go:47] &{{} 0 0 0 0 0 <nil> <nil> <nil> <nil>} err=sql: no rows in result set
2022-07-21 15:57:45 [INFO] [D:/works/ipenn/loante/service/sms/nxcloud.go:36] sms send content: {"result":"请求成功","code":"0","messageid":"656fb2d44d874fd29bce508a668c0c29"}
2022-07-21 16:25:01 [INFO] [D:/works/ipenn/loante/service/sms/nxcloud.go:43] sms send content: {"result":"请求成功","code":"0","messageid":"1c85fa639de84aacae50ebd830f72c23"}
2022-07-21 16:37:04 [INFO] [D:/works/ipenn/loante/service/sms/nxcloud.go:43] sms send content: {"result":"请求成功","code":"0","messageid":"4305420f265f4ea19b70f2f7cef20588"}
2022-07-21 16:39:57 [EROR] [D:/works/ipenn/loante/service/model/product_precept.go:32] &{{} 0 1 0 2000 0  {{} 0  }} err=Error 1062: Duplicate entry '0' for key 'PRIMARY'
2022-07-21 16:40:06 [EROR] [D:/works/ipenn/loante/service/model/product_precept.go:32] &{{} 0 1 0 2000 0  {{} 0  }} err=Error 1062: Duplicate entry '0' for key 'PRIMARY'
2022-07-21 16:42:44 [EROR] [D:/works/ipenn/loante/service/model/product_precept.go:32] &{{} 0 6 1 2000 0  {{} 0  }} err=Error 1062: Duplicate entry '0' for key 'PRIMARY'
2022-07-21 16:42:56 [EROR] [D:/works/ipenn/loante/service/model/product_precept.go:32] &{{} 0 6 1 2000 0  {{} 0  }} err=Error 1062: Duplicate entry '0' for key 'PRIMARY'
2022-07-21 16:44:06 [EROR] [D:/works/ipenn/loante/service/model/product_precept.go:32] &{{} 0 3 0 20001 12  {{} 0  }} err=Error 1062: Duplicate entry '0' for key 'PRIMARY'
2022-07-21 16:55:04 [INFO] [D:/works/ipenn/loante/service/sms/nxcloud.go:43] sms send content: {"result":"请求成功","code":"0","messageid":"b8003377e82c4be1bbcf16f6dfe3ee07"}
2022-07-21 16:55:27 [INFO] [D:/works/ipenn/loante/service/sms/nxcloud.go:43] sms send content: {"result":"请求成功","code":"0","messageid":"b240ae5f7d7b4f168d6c2f4c88044114"}
2022-07-21 17:05:54 [EROR] [D:/works/ipenn/loante/service/model/increase_rule.go:21] &{{} 0 0 0  } err=sql: no rows in result set
2022-07-21 17:53:36 [EROR] [D:/works/ipenn/loante/service/model/merchant.go:49] &{{} {{} 0 } 0 0 0 0 0      0} err=sql: no rows in result set
